/home/deploy/.rvm/rubies/ruby-2.2.1/bin/ruby -r ./siteconf20150804-15378-b16jrp.rb extconf.rb
checking for ffi_call() in -lffi... yes
checking for ffi_prep_closure()... yes
checking for ffi_raw_call()... yes
checking for ffi_prep_raw_closure()... yes
checking for rb_thread_blocking_region()... no
checking for rb_thread_call_with_gvl()... yes
checking for rb_thread_call_without_gvl()... yes
checking for ffi_prep_cif_var()... yes
creating extconf.h
creating Makefile

make "DESTDIR=" clean

make "DESTDIR="
compiling Variadic.c
compiling ffi.c
compiling StructByValue.c
compiling StructByReference.c
compiling StructLayout.c
compiling AbstractMemory.c
compiling MethodHandle.c
compiling Types.c
compiling Platform.c
compiling Function.c
compiling MemoryPointer.c
compiling Type.c
compiling DynamicLibrary.c
compiling Struct.c
compiling FunctionInfo.c
compiling MappedType.c
compiling ArrayType.c
compiling LastError.c
compiling ClosurePool.c
compiling Pointer.c
compiling Thread.c
compiling DataConverter.c
compiling Buffer.c
compiling LongDouble.c
compiling Call.c
linking shared-object ffi_c.so

make "DESTDIR=" install
/usr/bin/install -m 0755 ffi_c.so ./.gem.20150804-15378-1nrbj7l
